[2025-05-07 13:08:21] production.ERROR: Undefined array key "path" {"exception":"[object] (ErrorException(code: 0): Undefined array key \"path\" at /var/www/vendor/laravel/framework/src/Illuminate/Cache/CacheManager.php:181)
[stacktrace]
#0 /var/www/vendor/laravel/framework/src/Illuminate/Foundation/Bootstrap/HandleExceptions.php(256): Illuminate\\Foundation\\Bootstrap\\HandleExceptions->handleError(2, 'Undefined array...', '/var/www/vendor...', 181)
#1 /var/www/vendor/laravel/framework/src/Illuminate/Cache/CacheManager.php(181): Illuminate\\Foundation\\Bootstrap\\HandleExceptions->Illuminate\\Foundation\\Bootstrap\\{closure}(2, 'Undefined array...', '/var/www/vendor...', 181)
#2 /var/www/vendor/laravel/framework/src/Illuminate/Cache/CacheManager.php(131): Illuminate\\Cache\\CacheManager->createFileDriver(Array)
#3 /var/www/vendor/laravel/framework/src/Illuminate/Cache/CacheManager.php(111): Illuminate\\Cache\\CacheManager->build(Array)
#4 /var/www/vendor/laravel/framework/src/Illuminate/Cache/CacheManager.php(60): Illuminate\\Cache\\CacheManager->resolve('database')
#5 /var/www/vendor/laravel/framework/src/Illuminate/Cache/CacheManager.php(71): Illuminate\\Cache\\CacheManager->store('database')
#6 /var/www/vendor/laravel/framework/src/Illuminate/Cache/CacheServiceProvider.php(23): Illuminate\\Cache\\CacheManager->driver()
#7 /var/www/vendor/laravel/framework/src/Illuminate/Container/Container.php(1010): Illuminate\\Cache\\CacheServiceProvider->Illuminate\\Cache\\{closure}(Object(Illuminate\\Foundation\\Application), Array)
#8 /var/www/vendor/laravel/framework/src/Illuminate/Container/Container.php(890): Illuminate\\Container\\Container->build(Object(Closure))
#9 /var/www/vendor/laravel/framework/src/Illuminate/Foundation/Application.php(1077): Illuminate\\Container\\Container->resolve('cache.store', Array, true)
#10 /var/www/vendor/laravel/framework/src/Illuminate/Container/Container.php(821): Illuminate\\Foundation\\Application->resolve('cache.store', Array)
#11 /var/www/vendor/laravel/framework/src/Illuminate/Foundation/Application.php(1057): Illuminate\\Container\\Container->make('cache.store', Array)
#12 /var/www/vendor/laravel/framework/src/Illuminate/Container/Container.php(1643): Illuminate\\Foundation\\Application->make('cache.store')
#13 /var/www/vendor/laravel/framework/src/Illuminate/Foundation/Providers/ArtisanServiceProvider.php(709): Illuminate\\Container\\Container->offsetGet('cache.store')
#14 /var/www/vendor/laravel/framework/src/Illuminate/Container/Container.php(1010): Illuminate\\Foundation\\Providers\\ArtisanServiceProvider->Illuminate\\Foundation\\Providers\\{closure}(Object(Illuminate\\Foundation\\Application), Array)
#15 /var/www/vendor/laravel/framework/src/Illuminate/Container/Container.php(890): Illuminate\\Container\\Container->build(Object(Closure))
#16 /var/www/vendor/laravel/framework/src/Illuminate/Foundation/Application.php(1077): Illuminate\\Container\\Container->resolve('Illuminate\\\\Queu...', Array, true)
#17 /var/www/vendor/laravel/framework/src/Illuminate/Container/Container.php(835): Illuminate\\Foundation\\Application->resolve('Illuminate\\\\Queu...')
#18 /var/www/vendor/laravel/framework/src/Illuminate/Console/ContainerCommandLoader.php(52): Illuminate\\Container\\Container->get('Illuminate\\\\Queu...')
#19 /var/www/vendor/symfony/console/Application.php(608): Illuminate\\Console\\ContainerCommandLoader->get('queue:work')
#20 /var/www/vendor/symfony/console/Application.php(693): Symfony\\Component\\Console\\Application->has('queue:work')
#21 /var/www/vendor/symfony/console/Application.php(284): Symfony\\Component\\Console\\Application->find('queue:work')
#22 /var/www/vendor/symfony/console/Application.php(193): Symfony\\Component\\Console\\Application->doRun(Object(Symfony\\Component\\Console\\Input\\ArgvInput), Object(Symfony\\Component\\Console\\Output\\ConsoleOutput))
#23 /var/www/vendor/laravel/framework/src/Illuminate/Foundation/Console/Kernel.php(197): Symfony\\Component\\Console\\Application->run(Object(Symfony\\Component\\Console\\Input\\ArgvInput), Object(Symfony\\Component\\Console\\Output\\ConsoleOutput))
#24 /var/www/vendor/laravel/framework/src/Illuminate/Foundation/Application.php(1234): Illuminate\\Foundation\\Console\\Kernel->handle(Object(Symfony\\Component\\Console\\Input\\ArgvInput), Object(Symfony\\Component\\Console\\Output\\ConsoleOutput))
#25 /var/www/artisan(16): Illuminate\\Foundation\\Application->handleCommand(Object(Symfony\\Component\\Console\\Input\\ArgvInput))
#26 {main}
"} 
[2025-05-07 13:08:28] production.ERROR: Undefined array key "path" {"exception":"[object] (ErrorException(code: 0): Undefined array key \"path\" at /var/www/vendor/laravel/framework/src/Illuminate/Cache/CacheManager.php:181)
[stacktrace]
#0 /var/www/vendor/laravel/framework/src/Illuminate/Foundation/Bootstrap/HandleExceptions.php(256): Illuminate\\Foundation\\Bootstrap\\HandleExceptions->handleError(2, 'Undefined array...', '/var/www/vendor...', 181)
#1 /var/www/vendor/laravel/framework/src/Illuminate/Cache/CacheManager.php(181): Illuminate\\Foundation\\Bootstrap\\HandleExceptions->Illuminate\\Foundation\\Bootstrap\\{closure}(2, 'Undefined array...', '/var/www/vendor...', 181)
#2 /var/www/vendor/laravel/framework/src/Illuminate/Cache/CacheManager.php(131): Illuminate\\Cache\\CacheManager->createFileDriver(Array)
#3 /var/www/vendor/laravel/framework/src/Illuminate/Cache/CacheManager.php(111): Illuminate\\Cache\\CacheManager->build(Array)
#4 /var/www/vendor/laravel/framework/src/Illuminate/Cache/CacheManager.php(60): Illuminate\\Cache\\CacheManager->resolve('database')
#5 /var/www/vendor/laravel/framework/src/Illuminate/Cache/CacheManager.php(71): Illuminate\\Cache\\CacheManager->store('database')
#6 /var/www/vendor/laravel/framework/src/Illuminate/Cache/CacheServiceProvider.php(23): Illuminate\\Cache\\CacheManager->driver()
#7 /var/www/vendor/laravel/framework/src/Illuminate/Container/Container.php(1010): Illuminate\\Cache\\CacheServiceProvider->Illuminate\\Cache\\{closure}(Object(Illuminate\\Foundation\\Application), Array)
#8 /var/www/vendor/laravel/framework/src/Illuminate/Container/Container.php(890): Illuminate\\Container\\Container->build(Object(Closure))
#9 /var/www/vendor/laravel/framework/src/Illuminate/Foundation/Application.php(1077): Illuminate\\Container\\Container->resolve('cache.store', Array, true)
#10 /var/www/vendor/laravel/framework/src/Illuminate/Container/Container.php(821): Illuminate\\Foundation\\Application->resolve('cache.store', Array)
#11 /var/www/vendor/laravel/framework/src/Illuminate/Foundation/Application.php(1057): Illuminate\\Container\\Container->make('cache.store', Array)
#12 /var/www/vendor/laravel/framework/src/Illuminate/Container/Container.php(1643): Illuminate\\Foundation\\Application->make('cache.store')
#13 /var/www/vendor/laravel/framework/src/Illuminate/Foundation/Providers/ArtisanServiceProvider.php(709): Illuminate\\Container\\Container->offsetGet('cache.store')
#14 /var/www/vendor/laravel/framework/src/Illuminate/Container/Container.php(1010): Illuminate\\Foundation\\Providers\\ArtisanServiceProvider->Illuminate\\Foundation\\Providers\\{closure}(Object(Illuminate\\Foundation\\Application), Array)
#15 /var/www/vendor/laravel/framework/src/Illuminate/Container/Container.php(890): Illuminate\\Container\\Container->build(Object(Closure))
#16 /var/www/vendor/laravel/framework/src/Illuminate/Foundation/Application.php(1077): Illuminate\\Container\\Container->resolve('Illuminate\\\\Queu...', Array, true)
#17 /var/www/vendor/laravel/framework/src/Illuminate/Container/Container.php(835): Illuminate\\Foundation\\Application->resolve('Illuminate\\\\Queu...')
#18 /var/www/vendor/laravel/framework/src/Illuminate/Console/ContainerCommandLoader.php(52): Illuminate\\Container\\Container->get('Illuminate\\\\Queu...')
#19 /var/www/vendor/symfony/console/Application.php(608): Illuminate\\Console\\ContainerCommandLoader->get('queue:work')
#20 /var/www/vendor/symfony/console/Application.php(693): Symfony\\Component\\Console\\Application->has('queue:work')
#21 /var/www/vendor/symfony/console/Application.php(284): Symfony\\Component\\Console\\Application->find('queue:work')
#22 /var/www/vendor/symfony/console/Application.php(193): Symfony\\Component\\Console\\Application->doRun(Object(Symfony\\Component\\Console\\Input\\ArgvInput), Object(Symfony\\Component\\Console\\Output\\ConsoleOutput))
#23 /var/www/vendor/laravel/framework/src/Illuminate/Foundation/Console/Kernel.php(197): Symfony\\Component\\Console\\Application->run(Object(Symfony\\Component\\Console\\Input\\ArgvInput), Object(Symfony\\Component\\Console\\Output\\ConsoleOutput))
#24 /var/www/vendor/laravel/framework/src/Illuminate/Foundation/Application.php(1234): Illuminate\\Foundation\\Console\\Kernel->handle(Object(Symfony\\Component\\Console\\Input\\ArgvInput), Object(Symfony\\Component\\Console\\Output\\ConsoleOutput))
#25 /var/www/artisan(16): Illuminate\\Foundation\\Application->handleCommand(Object(Symfony\\Component\\Console\\Input\\ArgvInput))
#26 {main}
"} 
[2025-05-07 13:08:34] production.ERROR: Undefined array key "path" {"exception":"[object] (ErrorException(code: 0): Undefined array key \"path\" at /var/www/vendor/laravel/framework/src/Illuminate/Cache/CacheManager.php:181)
[stacktrace]
#0 /var/www/vendor/laravel/framework/src/Illuminate/Foundation/Bootstrap/HandleExceptions.php(256): Illuminate\\Foundation\\Bootstrap\\HandleExceptions->handleError(2, 'Undefined array...', '/var/www/vendor...', 181)
#1 /var/www/vendor/laravel/framework/src/Illuminate/Cache/CacheManager.php(181): Illuminate\\Foundation\\Bootstrap\\HandleExceptions->Illuminate\\Foundation\\Bootstrap\\{closure}(2, 'Undefined array...', '/var/www/vendor...', 181)
#2 /var/www/vendor/laravel/framework/src/Illuminate/Cache/CacheManager.php(131): Illuminate\\Cache\\CacheManager->createFileDriver(Array)
#3 /var/www/vendor/laravel/framework/src/Illuminate/Cache/CacheManager.php(111): Illuminate\\Cache\\CacheManager->build(Array)
#4 /var/www/vendor/laravel/framework/src/Illuminate/Cache/CacheManager.php(60): Illuminate\\Cache\\CacheManager->resolve('database')
#5 /var/www/vendor/laravel/framework/src/Illuminate/Cache/CacheManager.php(71): Illuminate\\Cache\\CacheManager->store('database')
#6 /var/www/vendor/laravel/framework/src/Illuminate/Cache/CacheServiceProvider.php(23): Illuminate\\Cache\\CacheManager->driver()
#7 /var/www/vendor/laravel/framework/src/Illuminate/Container/Container.php(1010): Illuminate\\Cache\\CacheServiceProvider->Illuminate\\Cache\\{closure}(Object(Illuminate\\Foundation\\Application), Array)
#8 /var/www/vendor/laravel/framework/src/Illuminate/Container/Container.php(890): Illuminate\\Container\\Container->build(Object(Closure))
#9 /var/www/vendor/laravel/framework/src/Illuminate/Foundation/Application.php(1077): Illuminate\\Container\\Container->resolve('cache.store', Array, true)
#10 /var/www/vendor/laravel/framework/src/Illuminate/Container/Container.php(821): Illuminate\\Foundation\\Application->resolve('cache.store', Array)
#11 /var/www/vendor/laravel/framework/src/Illuminate/Foundation/Application.php(1057): Illuminate\\Container\\Container->make('cache.store', Array)
#12 /var/www/vendor/laravel/framework/src/Illuminate/Container/Container.php(1643): Illuminate\\Foundation\\Application->make('cache.store')
#13 /var/www/vendor/laravel/framework/src/Illuminate/Foundation/Providers/ArtisanServiceProvider.php(709): Illuminate\\Container\\Container->offsetGet('cache.store')
#14 /var/www/vendor/laravel/framework/src/Illuminate/Container/Container.php(1010): Illuminate\\Foundation\\Providers\\ArtisanServiceProvider->Illuminate\\Foundation\\Providers\\{closure}(Object(Illuminate\\Foundation\\Application), Array)
#15 /var/www/vendor/laravel/framework/src/Illuminate/Container/Container.php(890): Illuminate\\Container\\Container->build(Object(Closure))
#16 /var/www/vendor/laravel/framework/src/Illuminate/Foundation/Application.php(1077): Illuminate\\Container\\Container->resolve('Illuminate\\\\Queu...', Array, true)
#17 /var/www/vendor/laravel/framework/src/Illuminate/Container/Container.php(835): Illuminate\\Foundation\\Application->resolve('Illuminate\\\\Queu...')
#18 /var/www/vendor/laravel/framework/src/Illuminate/Console/ContainerCommandLoader.php(52): Illuminate\\Container\\Container->get('Illuminate\\\\Queu...')
#19 /var/www/vendor/symfony/console/Application.php(608): Illuminate\\Console\\ContainerCommandLoader->get('queue:work')
#20 /var/www/vendor/symfony/console/Application.php(693): Symfony\\Component\\Console\\Application->has('queue:work')
#21 /var/www/vendor/symfony/console/Application.php(284): Symfony\\Component\\Console\\Application->find('queue:work')
#22 /var/www/vendor/symfony/console/Application.php(193): Symfony\\Component\\Console\\Application->doRun(Object(Symfony\\Component\\Console\\Input\\ArgvInput), Object(Symfony\\Component\\Console\\Output\\ConsoleOutput))
#23 /var/www/vendor/laravel/framework/src/Illuminate/Foundation/Console/Kernel.php(197): Symfony\\Component\\Console\\Application->run(Object(Symfony\\Component\\Console\\Input\\ArgvInput), Object(Symfony\\Component\\Console\\Output\\ConsoleOutput))
#24 /var/www/vendor/laravel/framework/src/Illuminate/Foundation/Application.php(1234): Illuminate\\Foundation\\Console\\Kernel->handle(Object(Symfony\\Component\\Console\\Input\\ArgvInput), Object(Symfony\\Component\\Console\\Output\\ConsoleOutput))
#25 /var/www/artisan(16): Illuminate\\Foundation\\Application->handleCommand(Object(Symfony\\Component\\Console\\Input\\ArgvInput))
#26 {main}
"} 
[2025-05-07 13:08:40] production.ERROR: Undefined array key "path" {"exception":"[object] (ErrorException(code: 0): Undefined array key \"path\" at /var/www/vendor/laravel/framework/src/Illuminate/Cache/CacheManager.php:181)
[stacktrace]
#0 /var/www/vendor/laravel/framework/src/Illuminate/Foundation/Bootstrap/HandleExceptions.php(256): Illuminate\\Foundation\\Bootstrap\\HandleExceptions->handleError(2, 'Undefined array...', '/var/www/vendor...', 181)
#1 /var/www/vendor/laravel/framework/src/Illuminate/Cache/CacheManager.php(181): Illuminate\\Foundation\\Bootstrap\\HandleExceptions->Illuminate\\Foundation\\Bootstrap\\{closure}(2, 'Undefined array...', '/var/www/vendor...', 181)
#2 /var/www/vendor/laravel/framework/src/Illuminate/Cache/CacheManager.php(131): Illuminate\\Cache\\CacheManager->createFileDriver(Array)
#3 /var/www/vendor/laravel/framework/src/Illuminate/Cache/CacheManager.php(111): Illuminate\\Cache\\CacheManager->build(Array)
#4 /var/www/vendor/laravel/framework/src/Illuminate/Cache/CacheManager.php(60): Illuminate\\Cache\\CacheManager->resolve('database')
#5 /var/www/vendor/laravel/framework/src/Illuminate/Cache/CacheManager.php(71): Illuminate\\Cache\\CacheManager->store('database')
#6 /var/www/vendor/laravel/framework/src/Illuminate/Cache/CacheServiceProvider.php(23): Illuminate\\Cache\\CacheManager->driver()
#7 /var/www/vendor/laravel/framework/src/Illuminate/Container/Container.php(1010): Illuminate\\Cache\\CacheServiceProvider->Illuminate\\Cache\\{closure}(Object(Illuminate\\Foundation\\Application), Array)
#8 /var/www/vendor/laravel/framework/src/Illuminate/Container/Container.php(890): Illuminate\\Container\\Container->build(Object(Closure))
#9 /var/www/vendor/laravel/framework/src/Illuminate/Foundation/Application.php(1077): Illuminate\\Container\\Container->resolve('cache.store', Array, true)
#10 /var/www/vendor/laravel/framework/src/Illuminate/Container/Container.php(821): Illuminate\\Foundation\\Application->resolve('cache.store', Array)
#11 /var/www/vendor/laravel/framework/src/Illuminate/Foundation/Application.php(1057): Illuminate\\Container\\Container->make('cache.store', Array)
#12 /var/www/vendor/laravel/framework/src/Illuminate/Container/Container.php(1643): Illuminate\\Foundation\\Application->make('cache.store')
#13 /var/www/vendor/laravel/framework/src/Illuminate/Foundation/Providers/ArtisanServiceProvider.php(709): Illuminate\\Container\\Container->offsetGet('cache.store')
#14 /var/www/vendor/laravel/framework/src/Illuminate/Container/Container.php(1010): Illuminate\\Foundation\\Providers\\ArtisanServiceProvider->Illuminate\\Foundation\\Providers\\{closure}(Object(Illuminate\\Foundation\\Application), Array)
#15 /var/www/vendor/laravel/framework/src/Illuminate/Container/Container.php(890): Illuminate\\Container\\Container->build(Object(Closure))
#16 /var/www/vendor/laravel/framework/src/Illuminate/Foundation/Application.php(1077): Illuminate\\Container\\Container->resolve('Illuminate\\\\Queu...', Array, true)
#17 /var/www/vendor/laravel/framework/src/Illuminate/Container/Container.php(835): Illuminate\\Foundation\\Application->resolve('Illuminate\\\\Queu...')
#18 /var/www/vendor/laravel/framework/src/Illuminate/Console/ContainerCommandLoader.php(52): Illuminate\\Container\\Container->get('Illuminate\\\\Queu...')
#19 /var/www/vendor/symfony/console/Application.php(608): Illuminate\\Console\\ContainerCommandLoader->get('queue:work')
#20 /var/www/vendor/symfony/console/Application.php(693): Symfony\\Component\\Console\\Application->has('queue:work')
#21 /var/www/vendor/symfony/console/Application.php(284): Symfony\\Component\\Console\\Application->find('queue:work')
#22 /var/www/vendor/symfony/console/Application.php(193): Symfony\\Component\\Console\\Application->doRun(Object(Symfony\\Component\\Console\\Input\\ArgvInput), Object(Symfony\\Component\\Console\\Output\\ConsoleOutput))
#23 /var/www/vendor/laravel/framework/src/Illuminate/Foundation/Console/Kernel.php(197): Symfony\\Component\\Console\\Application->run(Object(Symfony\\Component\\Console\\Input\\ArgvInput), Object(Symfony\\Component\\Console\\Output\\ConsoleOutput))
#24 /var/www/vendor/laravel/framework/src/Illuminate/Foundation/Application.php(1234): Illuminate\\Foundation\\Console\\Kernel->handle(Object(Symfony\\Component\\Console\\Input\\ArgvInput), Object(Symfony\\Component\\Console\\Output\\ConsoleOutput))
#25 /var/www/artisan(16): Illuminate\\Foundation\\Application->handleCommand(Object(Symfony\\Component\\Console\\Input\\ArgvInput))
#26 {main}
"} 
[2025-05-07 13:08:47] production.ERROR: Undefined array key "path" {"exception":"[object] (ErrorException(code: 0): Undefined array key \"path\" at /var/www/vendor/laravel/framework/src/Illuminate/Cache/CacheManager.php:181)
[stacktrace]
#0 /var/www/vendor/laravel/framework/src/Illuminate/Foundation/Bootstrap/HandleExceptions.php(256): Illuminate\\Foundation\\Bootstrap\\HandleExceptions->handleError(2, 'Undefined array...', '/var/www/vendor...', 181)
#1 /var/www/vendor/laravel/framework/src/Illuminate/Cache/CacheManager.php(181): Illuminate\\Foundation\\Bootstrap\\HandleExceptions->Illuminate\\Foundation\\Bootstrap\\{closure}(2, 'Undefined array...', '/var/www/vendor...', 181)
#2 /var/www/vendor/laravel/framework/src/Illuminate/Cache/CacheManager.php(131): Illuminate\\Cache\\CacheManager->createFileDriver(Array)
#3 /var/www/vendor/laravel/framework/src/Illuminate/Cache/CacheManager.php(111): Illuminate\\Cache\\CacheManager->build(Array)
#4 /var/www/vendor/laravel/framework/src/Illuminate/Cache/CacheManager.php(60): Illuminate\\Cache\\CacheManager->resolve('database')
#5 /var/www/vendor/laravel/framework/src/Illuminate/Cache/CacheManager.php(71): Illuminate\\Cache\\CacheManager->store('database')
#6 /var/www/vendor/laravel/framework/src/Illuminate/Cache/CacheServiceProvider.php(23): Illuminate\\Cache\\CacheManager->driver()
#7 /var/www/vendor/laravel/framework/src/Illuminate/Container/Container.php(1010): Illuminate\\Cache\\CacheServiceProvider->Illuminate\\Cache\\{closure}(Object(Illuminate\\Foundation\\Application), Array)
#8 /var/www/vendor/laravel/framework/src/Illuminate/Container/Container.php(890): Illuminate\\Container\\Container->build(Object(Closure))
#9 /var/www/vendor/laravel/framework/src/Illuminate/Foundation/Application.php(1077): Illuminate\\Container\\Container->resolve('cache.store', Array, true)
#10 /var/www/vendor/laravel/framework/src/Illuminate/Container/Container.php(821): Illuminate\\Foundation\\Application->resolve('cache.store', Array)
#11 /var/www/vendor/laravel/framework/src/Illuminate/Foundation/Application.php(1057): Illuminate\\Container\\Container->make('cache.store', Array)
#12 /var/www/vendor/laravel/framework/src/Illuminate/Container/Container.php(1643): Illuminate\\Foundation\\Application->make('cache.store')
#13 /var/www/vendor/laravel/framework/src/Illuminate/Foundation/Providers/ArtisanServiceProvider.php(709): Illuminate\\Container\\Container->offsetGet('cache.store')
#14 /var/www/vendor/laravel/framework/src/Illuminate/Container/Container.php(1010): Illuminate\\Foundation\\Providers\\ArtisanServiceProvider->Illuminate\\Foundation\\Providers\\{closure}(Object(Illuminate\\Foundation\\Application), Array)
#15 /var/www/vendor/laravel/framework/src/Illuminate/Container/Container.php(890): Illuminate\\Container\\Container->build(Object(Closure))
#16 /var/www/vendor/laravel/framework/src/Illuminate/Foundation/Application.php(1077): Illuminate\\Container\\Container->resolve('Illuminate\\\\Queu...', Array, true)
#17 /var/www/vendor/laravel/framework/src/Illuminate/Container/Container.php(835): Illuminate\\Foundation\\Application->resolve('Illuminate\\\\Queu...')
#18 /var/www/vendor/laravel/framework/src/Illuminate/Console/ContainerCommandLoader.php(52): Illuminate\\Container\\Container->get('Illuminate\\\\Queu...')
#19 /var/www/vendor/symfony/console/Application.php(608): Illuminate\\Console\\ContainerCommandLoader->get('queue:work')
#20 /var/www/vendor/symfony/console/Application.php(693): Symfony\\Component\\Console\\Application->has('queue:work')
#21 /var/www/vendor/symfony/console/Application.php(284): Symfony\\Component\\Console\\Application->find('queue:work')
#22 /var/www/vendor/symfony/console/Application.php(193): Symfony\\Component\\Console\\Application->doRun(Object(Symfony\\Component\\Console\\Input\\ArgvInput), Object(Symfony\\Component\\Console\\Output\\ConsoleOutput))
#23 /var/www/vendor/laravel/framework/src/Illuminate/Foundation/Console/Kernel.php(197): Symfony\\Component\\Console\\Application->run(Object(Symfony\\Component\\Console\\Input\\ArgvInput), Object(Symfony\\Component\\Console\\Output\\ConsoleOutput))
#24 /var/www/vendor/laravel/framework/src/Illuminate/Foundation/Application.php(1234): Illuminate\\Foundation\\Console\\Kernel->handle(Object(Symfony\\Component\\Console\\Input\\ArgvInput), Object(Symfony\\Component\\Console\\Output\\ConsoleOutput))
#25 /var/www/artisan(16): Illuminate\\Foundation\\Application->handleCommand(Object(Symfony\\Component\\Console\\Input\\ArgvInput))
#26 {main}
"} 
[2025-05-07 13:08:54] production.ERROR: Undefined array key "path" {"exception":"[object] (ErrorException(code: 0): Undefined array key \"path\" at /var/www/vendor/laravel/framework/src/Illuminate/Cache/CacheManager.php:181)
[stacktrace]
#0 /var/www/vendor/laravel/framework/src/Illuminate/Foundation/Bootstrap/HandleExceptions.php(256): Illuminate\\Foundation\\Bootstrap\\HandleExceptions->handleError(2, 'Undefined array...', '/var/www/vendor...', 181)
#1 /var/www/vendor/laravel/framework/src/Illuminate/Cache/CacheManager.php(181): Illuminate\\Foundation\\Bootstrap\\HandleExceptions->Illuminate\\Foundation\\Bootstrap\\{closure}(2, 'Undefined array...', '/var/www/vendor...', 181)
#2 /var/www/vendor/laravel/framework/src/Illuminate/Cache/CacheManager.php(131): Illuminate\\Cache\\CacheManager->createFileDriver(Array)
#3 /var/www/vendor/laravel/framework/src/Illuminate/Cache/CacheManager.php(111): Illuminate\\Cache\\CacheManager->build(Array)
#4 /var/www/vendor/laravel/framework/src/Illuminate/Cache/CacheManager.php(60): Illuminate\\Cache\\CacheManager->resolve('database')
#5 /var/www/vendor/laravel/framework/src/Illuminate/Cache/CacheManager.php(71): Illuminate\\Cache\\CacheManager->store('database')
#6 /var/www/vendor/laravel/framework/src/Illuminate/Cache/CacheServiceProvider.php(23): Illuminate\\Cache\\CacheManager->driver()
#7 /var/www/vendor/laravel/framework/src/Illuminate/Container/Container.php(1010): Illuminate\\Cache\\CacheServiceProvider->Illuminate\\Cache\\{closure}(Object(Illuminate\\Foundation\\Application), Array)
#8 /var/www/vendor/laravel/framework/src/Illuminate/Container/Container.php(890): Illuminate\\Container\\Container->build(Object(Closure))
#9 /var/www/vendor/laravel/framework/src/Illuminate/Foundation/Application.php(1077): Illuminate\\Container\\Container->resolve('cache.store', Array, true)
#10 /var/www/vendor/laravel/framework/src/Illuminate/Container/Container.php(821): Illuminate\\Foundation\\Application->resolve('cache.store', Array)
#11 /var/www/vendor/laravel/framework/src/Illuminate/Foundation/Application.php(1057): Illuminate\\Container\\Container->make('cache.store', Array)
#12 /var/www/vendor/laravel/framework/src/Illuminate/Container/Container.php(1643): Illuminate\\Foundation\\Application->make('cache.store')
#13 /var/www/vendor/laravel/framework/src/Illuminate/Foundation/Providers/ArtisanServiceProvider.php(709): Illuminate\\Container\\Container->offsetGet('cache.store')
#14 /var/www/vendor/laravel/framework/src/Illuminate/Container/Container.php(1010): Illuminate\\Foundation\\Providers\\ArtisanServiceProvider->Illuminate\\Foundation\\Providers\\{closure}(Object(Illuminate\\Foundation\\Application), Array)
#15 /var/www/vendor/laravel/framework/src/Illuminate/Container/Container.php(890): Illuminate\\Container\\Container->build(Object(Closure))
#16 /var/www/vendor/laravel/framework/src/Illuminate/Foundation/Application.php(1077): Illuminate\\Container\\Container->resolve('Illuminate\\\\Queu...', Array, true)
#17 /var/www/vendor/laravel/framework/src/Illuminate/Container/Container.php(835): Illuminate\\Foundation\\Application->resolve('Illuminate\\\\Queu...')
#18 /var/www/vendor/laravel/framework/src/Illuminate/Console/ContainerCommandLoader.php(52): Illuminate\\Container\\Container->get('Illuminate\\\\Queu...')
#19 /var/www/vendor/symfony/console/Application.php(608): Illuminate\\Console\\ContainerCommandLoader->get('queue:work')
#20 /var/www/vendor/symfony/console/Application.php(693): Symfony\\Component\\Console\\Application->has('queue:work')
#21 /var/www/vendor/symfony/console/Application.php(284): Symfony\\Component\\Console\\Application->find('queue:work')
#22 /var/www/vendor/symfony/console/Application.php(193): Symfony\\Component\\Console\\Application->doRun(Object(Symfony\\Component\\Console\\Input\\ArgvInput), Object(Symfony\\Component\\Console\\Output\\ConsoleOutput))
#23 /var/www/vendor/laravel/framework/src/Illuminate/Foundation/Console/Kernel.php(197): Symfony\\Component\\Console\\Application->run(Object(Symfony\\Component\\Console\\Input\\ArgvInput), Object(Symfony\\Component\\Console\\Output\\ConsoleOutput))
#24 /var/www/vendor/laravel/framework/src/Illuminate/Foundation/Application.php(1234): Illuminate\\Foundation\\Console\\Kernel->handle(Object(Symfony\\Component\\Console\\Input\\ArgvInput), Object(Symfony\\Component\\Console\\Output\\ConsoleOutput))
#25 /var/www/artisan(16): Illuminate\\Foundation\\Application->handleCommand(Object(Symfony\\Component\\Console\\Input\\ArgvInput))
#26 {main}
"} 
[2025-05-07 13:09:01] production.ERROR: Undefined array key "path" {"exception":"[object] (ErrorException(code: 0): Undefined array key \"path\" at /var/www/vendor/laravel/framework/src/Illuminate/Cache/CacheManager.php:181)
[stacktrace]
#0 /var/www/vendor/laravel/framework/src/Illuminate/Foundation/Bootstrap/HandleExceptions.php(256): Illuminate\\Foundation\\Bootstrap\\HandleExceptions->handleError(2, 'Undefined array...', '/var/www/vendor...', 181)
#1 /var/www/vendor/laravel/framework/src/Illuminate/Cache/CacheManager.php(181): Illuminate\\Foundation\\Bootstrap\\HandleExceptions->Illuminate\\Foundation\\Bootstrap\\{closure}(2, 'Undefined array...', '/var/www/vendor...', 181)
#2 /var/www/vendor/laravel/framework/src/Illuminate/Cache/CacheManager.php(131): Illuminate\\Cache\\CacheManager->createFileDriver(Array)
#3 /var/www/vendor/laravel/framework/src/Illuminate/Cache/CacheManager.php(111): Illuminate\\Cache\\CacheManager->build(Array)
#4 /var/www/vendor/laravel/framework/src/Illuminate/Cache/CacheManager.php(60): Illuminate\\Cache\\CacheManager->resolve('database')
#5 /var/www/vendor/laravel/framework/src/Illuminate/Cache/CacheManager.php(71): Illuminate\\Cache\\CacheManager->store('database')
#6 /var/www/vendor/laravel/framework/src/Illuminate/Cache/CacheServiceProvider.php(23): Illuminate\\Cache\\CacheManager->driver()
#7 /var/www/vendor/laravel/framework/src/Illuminate/Container/Container.php(1010): Illuminate\\Cache\\CacheServiceProvider->Illuminate\\Cache\\{closure}(Object(Illuminate\\Foundation\\Application), Array)
#8 /var/www/vendor/laravel/framework/src/Illuminate/Container/Container.php(890): Illuminate\\Container\\Container->build(Object(Closure))
#9 /var/www/vendor/laravel/framework/src/Illuminate/Foundation/Application.php(1077): Illuminate\\Container\\Container->resolve('cache.store', Array, true)
#10 /var/www/vendor/laravel/framework/src/Illuminate/Container/Container.php(821): Illuminate\\Foundation\\Application->resolve('cache.store', Array)
#11 /var/www/vendor/laravel/framework/src/Illuminate/Foundation/Application.php(1057): Illuminate\\Container\\Container->make('cache.store', Array)
#12 /var/www/vendor/laravel/framework/src/Illuminate/Container/Container.php(1643): Illuminate\\Foundation\\Application->make('cache.store')
#13 /var/www/vendor/laravel/framework/src/Illuminate/Foundation/Providers/ArtisanServiceProvider.php(709): Illuminate\\Container\\Container->offsetGet('cache.store')
#14 /var/www/vendor/laravel/framework/src/Illuminate/Container/Container.php(1010): Illuminate\\Foundation\\Providers\\ArtisanServiceProvider->Illuminate\\Foundation\\Providers\\{closure}(Object(Illuminate\\Foundation\\Application), Array)
#15 /var/www/vendor/laravel/framework/src/Illuminate/Container/Container.php(890): Illuminate\\Container\\Container->build(Object(Closure))
#16 /var/www/vendor/laravel/framework/src/Illuminate/Foundation/Application.php(1077): Illuminate\\Container\\Container->resolve('Illuminate\\\\Queu...', Array, true)
#17 /var/www/vendor/laravel/framework/src/Illuminate/Container/Container.php(835): Illuminate\\Foundation\\Application->resolve('Illuminate\\\\Queu...')
#18 /var/www/vendor/laravel/framework/src/Illuminate/Console/ContainerCommandLoader.php(52): Illuminate\\Container\\Container->get('Illuminate\\\\Queu...')
#19 /var/www/vendor/symfony/console/Application.php(608): Illuminate\\Console\\ContainerCommandLoader->get('queue:work')
#20 /var/www/vendor/symfony/console/Application.php(693): Symfony\\Component\\Console\\Application->has('queue:work')
#21 /var/www/vendor/symfony/console/Application.php(284): Symfony\\Component\\Console\\Application->find('queue:work')
#22 /var/www/vendor/symfony/console/Application.php(193): Symfony\\Component\\Console\\Application->doRun(Object(Symfony\\Component\\Console\\Input\\ArgvInput), Object(Symfony\\Component\\Console\\Output\\ConsoleOutput))
#23 /var/www/vendor/laravel/framework/src/Illuminate/Foundation/Console/Kernel.php(197): Symfony\\Component\\Console\\Application->run(Object(Symfony\\Component\\Console\\Input\\ArgvInput), Object(Symfony\\Component\\Console\\Output\\ConsoleOutput))
#24 /var/www/vendor/laravel/framework/src/Illuminate/Foundation/Application.php(1234): Illuminate\\Foundation\\Console\\Kernel->handle(Object(Symfony\\Component\\Console\\Input\\ArgvInput), Object(Symfony\\Component\\Console\\Output\\ConsoleOutput))
#25 /var/www/artisan(16): Illuminate\\Foundation\\Application->handleCommand(Object(Symfony\\Component\\Console\\Input\\ArgvInput))
#26 {main}
"} 
